============================================================
  Generated by:           Encounter(R) RTL Compiler RC14.28 - v14.20-s067_1
  Generated on:           Jul 21 2017  10:50:50 am
  Module:                 UnfoldedUnpipelined_top
  Technology library:     tcbn65lpbc_ecsm 200
  Operating conditions:   BCCOM (balanced_tree)
  Wireload mode:          segmented
  Area mode:              timing library
============================================================

	Timing
	------

 Slack         Endpoint       Cost Group 
----------------------------------------------
   +0ps cipher_text_reg[18]/D clk        


	Area
	----

        Instance         Cells  Cell Area  Net Area  Total Area    Wireload      
---------------------------------------------------------------------------------
UnfoldedUnpipelined_top 113387     252220         0      252220 ZeroWireload (S) 

 (S) = wireload was automatically selected

	Design Rule Check
	-----------------

Max_transition design rule: no violations.

Max_capacitance design rule: no violations.


