============================================================
  Generated by:           Encounter(R) RTL Compiler RC14.28 - v14.20-s067_1
  Generated on:           Jul 21 2017  10:50:52 am
  Module:                 UnfoldedUnpipelined_top
  Technology library:     tcbn65lpbc_ecsm 200
  Operating conditions:   BCCOM (balanced_tree)
  Wireload mode:          segmented
  Area mode:              timing library
============================================================

          Instance           Cells  Cell Area  Net Area  Total Area    Wireload      
-------------------------------------------------------------------------------------
UnfoldedUnpipelined_top     113387     252220         0      252220 ZeroWireload (S) 
  key_expansion              21728      49593         0       49593 ZeroWireload (S) 
    ripple[0].subword_cell    2261       4976         0        4976 ZeroWireload (S) 
      sbox_byte_1             2261       4976         0        4976 ZeroWireload (S) 
    ripple[5].subword_cell    2136       4300         0        4300 ZeroWireload (S) 
      sbox_byte_1             2136       4300         0        4300 ZeroWireload (S) 
    ripple[3].subword_cell    2006       4165         0        4165 ZeroWireload (S) 
      sbox_byte_1             2006       4165         0        4165 ZeroWireload (S) 
    ripple[1].subword_cell    1957       4130         0        4130 ZeroWireload (S) 
      sbox_byte_1             1957       4130         0        4130 ZeroWireload (S) 
    ripple[6].subword_cell    1990       4128         0        4128 ZeroWireload (S) 
      sbox_byte_1             1990       4128         0        4128 ZeroWireload (S) 
    ripple[4].subword_cell    1945       4102         0        4102 ZeroWireload (S) 
      sbox_byte_1             1945       4102         0        4102 ZeroWireload (S) 
    ripple[2].subword_cell    1949       4061         0        4061 ZeroWireload (S) 
      sbox_byte_1             1949       4061         0        4061 ZeroWireload (S) 
    ripple[7].subword_cell    1916       3970         0        3970 ZeroWireload (S) 
      sbox_byte_1             1916       3970         0        3970 ZeroWireload (S) 
    ripple[8].subword_cell    1699       3484         0        3484 ZeroWireload (S) 
      sbox_byte_1             1699       3484         0        3484 ZeroWireload (S) 
    ripple[9].subword_cell    1638       3419         0        3419 ZeroWireload (S) 
      sbox_byte_1             1638       3419         0        3419 ZeroWireload (S) 
  ripple[1].sub_bytes1_9     10176      22356         0       22356 ZeroWireload (S) 
    sbox_byte_4               2585       5665         0        5665 ZeroWireload (S) 
    sbox_byte_1               2527       5597         0        5597 ZeroWireload (S) 
    sbox_byte_3               2520       5563         0        5563 ZeroWireload (S) 
    sbox_byte_2               2544       5531         0        5531 ZeroWireload (S) 
  ripple[9].sub_bytes1_9      8540      18090         0       18090 ZeroWireload (S) 
    sbox_byte_4               2165       4555         0        4555 ZeroWireload (S) 
    sbox_byte_2               2144       4549         0        4549 ZeroWireload (S) 
    sbox_byte_1               2143       4537         0        4537 ZeroWireload (S) 
    sbox_byte_3               2088       4448         0        4448 ZeroWireload (S) 
  ripple[3].sub_bytes1_9      8217      17443         0       17443 ZeroWireload (S) 
    sbox_byte_4               2096       4410         0        4410 ZeroWireload (S) 
    sbox_byte_3               2044       4366         0        4366 ZeroWireload (S) 
    sbox_byte_2               2031       4341         0        4341 ZeroWireload (S) 
    sbox_byte_1               2046       4326         0        4326 ZeroWireload (S) 
  ripple[2].sub_bytes1_9      8109      17418         0       17418 ZeroWireload (S) 
    sbox_byte_2               2049       4384         0        4384 ZeroWireload (S) 
    sbox_byte_1               2005       4373         0        4373 ZeroWireload (S) 
    sbox_byte_3               2022       4332         0        4332 ZeroWireload (S) 
    sbox_byte_4               2033       4329         0        4329 ZeroWireload (S) 
  ripple[8].sub_bytes1_9      8198      17316         0       17316 ZeroWireload (S) 
    sbox_byte_2               2074       4373         0        4373 ZeroWireload (S) 
    sbox_byte_1               2043       4330         0        4330 ZeroWireload (S) 
    sbox_byte_4               2058       4317         0        4317 ZeroWireload (S) 
    sbox_byte_3               2023       4296         0        4296 ZeroWireload (S) 
  ripple[7].sub_bytes1_9      8179      17316         0       17316 ZeroWireload (S) 
    sbox_byte_4               2104       4400         0        4400 ZeroWireload (S) 
    sbox_byte_3               2033       4354         0        4354 ZeroWireload (S) 
    sbox_byte_1               2026       4292         0        4292 ZeroWireload (S) 
    sbox_byte_2               2016       4271         0        4271 ZeroWireload (S) 
  ripple[6].sub_bytes1_9      8135      17304         0       17304 ZeroWireload (S) 
    sbox_byte_2               2049       4367         0        4367 ZeroWireload (S) 
    sbox_byte_1               2027       4336         0        4336 ZeroWireload (S) 
    sbox_byte_4               2042       4306         0        4306 ZeroWireload (S) 
    sbox_byte_3               2017       4295         0        4295 ZeroWireload (S) 
  ripple[5].sub_bytes1_9      8083      17272         0       17272 ZeroWireload (S) 
    sbox_byte_3               2041       4350         0        4350 ZeroWireload (S) 
    sbox_byte_4               2017       4315         0        4315 ZeroWireload (S) 
    sbox_byte_2               1997       4310         0        4310 ZeroWireload (S) 
    sbox_byte_1               2028       4297         0        4297 ZeroWireload (S) 
  ripple[4].sub_bytes1_9      8089      17218         0       17218 ZeroWireload (S) 
    sbox_byte_2               2040       4326         0        4326 ZeroWireload (S) 
    sbox_byte_3               2016       4312         0        4312 ZeroWireload (S) 
    sbox_byte_1               2029       4308         0        4308 ZeroWireload (S) 
    sbox_byte_4               2004       4271         0        4271 ZeroWireload (S) 
  sub_bytes10                 6550      13684         0       13684 ZeroWireload (S) 
    sbox_byte_2               1639       3423         0        3423 ZeroWireload (S) 
    sbox_byte_1               1639       3422         0        3422 ZeroWireload (S) 
    sbox_byte_3               1636       3421         0        3421 ZeroWireload (S) 
    sbox_byte_4               1636       3419         0        3419 ZeroWireload (S) 
  addroundkey_0                636       2375         0        2375 ZeroWireload (S) 
  ripple[1].mix_columns1_9     740       1947         0        1947 ZeroWireload (S) 
    colmix4                    190        494         0         494 ZeroWireload (S) 
      mult1                     10         22         0          22 ZeroWireload (S) 
      mult2                     10         22         0          22 ZeroWireload (S) 
      mult3                      8         22         0          22 ZeroWireload (S) 
      mult4                      9         20         0          20 ZeroWireload (S) 
    colmix1                    193        492         0         492 ZeroWireload (S) 
      mult2                     12         25         0          25 ZeroWireload (S) 
      mult1                      9         23         0          23 ZeroWireload (S) 
      mult3                      8         18         0          18 ZeroWireload (S) 
      mult4                      8         17         0          17 ZeroWireload (S) 
    colmix3                    180        487         0         487 ZeroWireload (S) 
      mult1                      8         22         0          22 ZeroWireload (S) 
      mult2                      7         20         0          20 ZeroWireload (S) 
      mult3                      8         19         0          19 ZeroWireload (S) 
      mult4                      5         15         0          15 ZeroWireload (S) 
    colmix2                    177        473         0         473 ZeroWireload (S) 
      mult1                      8         20         0          20 ZeroWireload (S) 
      mult2                      9         19         0          19 ZeroWireload (S) 
      mult4                      5         15         0          15 ZeroWireload (S) 
      mult3                      5         15         0          15 ZeroWireload (S) 
  ripple[8].mix_columns1_9     606       1650         0        1650 ZeroWireload (S) 
    colmix1                    153        418         0         418 ZeroWireload (S) 
      mult2                      5         15         0          15 ZeroWireload (S) 
      mult3                      5         13         0          13 ZeroWireload (S) 
      mult4                      5         13         0          13 ZeroWireload (S) 
      mult1                      4         13         0          13 ZeroWireload (S) 
    colmix4                    149        413         0         413 ZeroWireload (S) 
      mult4                      6         14         0          14 ZeroWireload (S) 
      mult2                      4         12         0          12 ZeroWireload (S) 
      mult1                      4         12         0          12 ZeroWireload (S) 
      mult3                      5         11         0          11 ZeroWireload (S) 
    colmix3                    153        411         0         411 ZeroWireload (S) 
      mult4                      4         13         0          13 ZeroWireload (S) 
      mult2                      4         12         0          12 ZeroWireload (S) 
      mult3                      4         10         0          10 ZeroWireload (S) 
      mult1                      4         10         0          10 ZeroWireload (S) 
    colmix2                    151        408         0         408 ZeroWireload (S) 
      mult4                      6         15         0          15 ZeroWireload (S) 
      mult3                      4         12         0          12 ZeroWireload (S) 
      mult1                      4         10         0          10 ZeroWireload (S) 
      mult2                      4         10         0          10 ZeroWireload (S) 
  ripple[3].mix_columns1_9     600       1635         0        1635 ZeroWireload (S) 
    colmix4                    156        415         0         415 ZeroWireload (S) 
      mult1                      5         15         0          15 ZeroWireload (S) 
      mult3                      5         12         0          12 ZeroWireload (S) 
      mult2                      4         12         0          12 ZeroWireload (S) 
      mult4                      4         11         0          11 ZeroWireload (S) 
    colmix2                    145        409         0         409 ZeroWireload (S) 
      mult2                      6         14         0          14 ZeroWireload (S) 
      mult1                      5         13         0          13 ZeroWireload (S) 
      mult4                      4         11         0          11 ZeroWireload (S) 
      mult3                      4         10         0          10 ZeroWireload (S) 
    colmix1                    149        409         0         409 ZeroWireload (S) 
      mult2                      6         15         0          15 ZeroWireload (S) 
      mult3                      4         12         0          12 ZeroWireload (S) 
      mult4                      4         11         0          11 ZeroWireload (S) 
      mult1                      3         11         0          11 ZeroWireload (S) 
    colmix3                    150        403         0         403 ZeroWireload (S) 
      mult2                      5         14         0          14 ZeroWireload (S) 
      mult1                      4         14         0          14 ZeroWireload (S) 
      mult4                      4         12         0          12 ZeroWireload (S) 
      mult3                      4         10         0          10 ZeroWireload (S) 
  ripple[6].mix_columns1_9     579       1630         0        1630 ZeroWireload (S) 
    colmix4                    153        415         0         415 ZeroWireload (S) 
      mult2                      5         13         0          13 ZeroWireload (S) 
      mult1                      5         13         0          13 ZeroWireload (S) 
      mult4                      4         11         0          11 ZeroWireload (S) 
      mult3                      4         11         0          11 ZeroWireload (S) 
    colmix3                    151        414         0         414 ZeroWireload (S) 
      mult2                      5         14         0          14 ZeroWireload (S) 
      mult4                      5         12         0          12 ZeroWireload (S) 
      mult3                      5         12         0          12 ZeroWireload (S) 
      mult1                      4         12         0          12 ZeroWireload (S) 
    colmix1                    140        401         0         401 ZeroWireload (S) 
      mult2                      4         12         0          12 ZeroWireload (S) 
      mult1                      4         12         0          12 ZeroWireload (S) 
      mult3                      4         11         0          11 ZeroWireload (S) 
      mult4                      4         11         0          11 ZeroWireload (S) 
    colmix2                    135        400         0         400 ZeroWireload (S) 
      mult3                      5         13         0          13 ZeroWireload (S) 
      mult2                      5         13         0          13 ZeroWireload (S) 
      mult1                      3         11         0          11 ZeroWireload (S) 
      mult4                      4         11         0          11 ZeroWireload (S) 
  ripple[7].mix_columns1_9     583       1625         0        1625 ZeroWireload (S) 
    colmix2                    148        411         0         411 ZeroWireload (S) 
      mult2                      6         15         0          15 ZeroWireload (S) 
      mult4                      5         13         0          13 ZeroWireload (S) 
      mult1                      5         13         0          13 ZeroWireload (S) 
      mult3                      4         11         0          11 ZeroWireload (S) 
    colmix1                    151        409         0         409 ZeroWireload (S) 
      mult2                      7         15         0          15 ZeroWireload (S) 
      mult1                      6         14         0          14 ZeroWireload (S) 
      mult4                      4         12         0          12 ZeroWireload (S) 
      mult3                      4         10         0          10 ZeroWireload (S) 
    colmix4                    145        404         0         404 ZeroWireload (S) 
      mult3                      5         13         0          13 ZeroWireload (S) 
      mult4                      3         12         0          12 ZeroWireload (S) 
      mult1                      3         12         0          12 ZeroWireload (S) 
      mult2                      4         10         0          10 ZeroWireload (S) 
    colmix3                    139        402         0         402 ZeroWireload (S) 
      mult4                      6         15         0          15 ZeroWireload (S) 
      mult2                      6         14         0          14 ZeroWireload (S) 
      mult3                      5         12         0          12 ZeroWireload (S) 
      mult1                      3         11         0          11 ZeroWireload (S) 
  ripple[4].mix_columns1_9     589       1624         0        1624 ZeroWireload (S) 
    colmix1                    145        411         0         411 ZeroWireload (S) 
      mult4                      3         14         0          14 ZeroWireload (S) 
      mult2                      6         14         0          14 ZeroWireload (S) 
      mult1                      3         11         0          11 ZeroWireload (S) 
      mult3                      3         11         0          11 ZeroWireload (S) 
    colmix2                    152        409         0         409 ZeroWireload (S) 
      mult3                      4         12         0          12 ZeroWireload (S) 
      mult4                      3         12         0          12 ZeroWireload (S) 
      mult2                      4         11         0          11 ZeroWireload (S) 
      mult1                      4         10         0          10 ZeroWireload (S) 
    colmix4                    149        405         0         405 ZeroWireload (S) 
      mult2                      5         14         0          14 ZeroWireload (S) 
      mult4                      5         12         0          12 ZeroWireload (S) 
      mult3                      4         12         0          12 ZeroWireload (S) 
      mult1                      3         11         0          11 ZeroWireload (S) 
    colmix3                    143        400         0         400 ZeroWireload (S) 
      mult2                      4         12         0          12 ZeroWireload (S) 
      mult1                      4         12         0          12 ZeroWireload (S) 
      mult4                      4         12         0          12 ZeroWireload (S) 
      mult3                      4         11         0          11 ZeroWireload (S) 
  ripple[5].mix_columns1_9     605       1617         0        1617 ZeroWireload (S) 
    colmix2                    159        415         0         415 ZeroWireload (S) 
      mult2                      6         17         0          17 ZeroWireload (S) 
      mult1                      5         12         0          12 ZeroWireload (S) 
      mult3                      4         11         0          11 ZeroWireload (S) 
      mult4                      4         10         0          10 ZeroWireload (S) 
    colmix1                    156        413         0         413 ZeroWireload (S) 
      mult2                      8         18         0          18 ZeroWireload (S) 
      mult4                      5         13         0          13 ZeroWireload (S) 
      mult3                      3         11         0          11 ZeroWireload (S) 
      mult1                      3         11         0          11 ZeroWireload (S) 
    colmix3                    153        395         0         395 ZeroWireload (S) 
      mult2                      4         13         0          13 ZeroWireload (S) 
      mult4                      4         12         0          12 ZeroWireload (S) 
      mult1                      5         11         0          11 ZeroWireload (S) 
      mult3                      4         10         0          10 ZeroWireload (S) 
    colmix4                    137        394         0         394 ZeroWireload (S) 
      mult2                      5         14         0          14 ZeroWireload (S) 
      mult3                      4         12         0          12 ZeroWireload (S) 
      mult1                      4         11         0          11 ZeroWireload (S) 
      mult4                      4         10         0          10 ZeroWireload (S) 
  ripple[2].mix_columns1_9     595       1616         0        1616 ZeroWireload (S) 
    colmix4                    152        408         0         408 ZeroWireload (S) 
      mult4                      6         16         0          16 ZeroWireload (S) 
      mult3                      5         13         0          13 ZeroWireload (S) 
      mult2                      4         13         0          13 ZeroWireload (S) 
      mult1                      5         10         0          10 ZeroWireload (S) 
    colmix1                    151        407         0         407 ZeroWireload (S) 
      mult2                      4         12         0          12 ZeroWireload (S) 
      mult3                      5         12         0          12 ZeroWireload (S) 
      mult1                      5         12         0          12 ZeroWireload (S) 
      mult4                      4         10         0          10 ZeroWireload (S) 
    colmix2                    148        403         0         403 ZeroWireload (S) 
      mult4                      5         13         0          13 ZeroWireload (S) 
      mult3                      4         12         0          12 ZeroWireload (S) 
      mult2                      4         12         0          12 ZeroWireload (S) 
      mult1                      4         11         0          11 ZeroWireload (S) 
    colmix3                    144        398         0         398 ZeroWireload (S) 
      mult2                      5         13         0          13 ZeroWireload (S) 
      mult3                      5         12         0          12 ZeroWireload (S) 
      mult1                      4         12         0          12 ZeroWireload (S) 
      mult4                      4         11         0          11 ZeroWireload (S) 
  ripple[9].mix_columns1_9     555       1554         0        1554 ZeroWireload (S) 
    colmix3                    144        394         0         394 ZeroWireload (S) 
      mult4                      6         14         0          14 ZeroWireload (S) 
      mult2                      4         12         0          12 ZeroWireload (S) 
      mult3                      5         12         0          12 ZeroWireload (S) 
      mult1                      4         11         0          11 ZeroWireload (S) 
    colmix2                    140        391         0         391 ZeroWireload (S) 
      mult4                      6         16         0          16 ZeroWireload (S) 
      mult3                      5         14         0          14 ZeroWireload (S) 
      mult2                      4         12         0          12 ZeroWireload (S) 
      mult1                      4         11         0          11 ZeroWireload (S) 
    colmix1                    135        386         0         386 ZeroWireload (S) 
      mult4                      4         12         0          12 ZeroWireload (S) 
      mult2                      4         12         0          12 ZeroWireload (S) 
      mult1                      4         11         0          11 ZeroWireload (S) 
      mult3                      4         10         0          10 ZeroWireload (S) 
    colmix4                    136        383         0         383 ZeroWireload (S) 
      mult2                      4         12         0          12 ZeroWireload (S) 
      mult1                      3         12         0          12 ZeroWireload (S) 
      mult4                      5         12         0          12 ZeroWireload (S) 
      mult3                      5         12         0          12 ZeroWireload (S) 
  ripple[1].addroundkey_1_9    399       1073         0        1073 ZeroWireload (S) 
  ripple[5].addroundkey_1_9    376       1011         0        1011 ZeroWireload (S) 
  ripple[4].addroundkey_1_9    360        987         0         987 ZeroWireload (S) 
  ripple[7].addroundkey_1_9    354        985         0         985 ZeroWireload (S) 
  ripple[8].addroundkey_1_9    357        980         0         980 ZeroWireload (S) 
  ripple[6].addroundkey_1_9    342        980         0         980 ZeroWireload (S) 
  ripple[3].addroundkey_1_9    337        978         0         978 ZeroWireload (S) 
  ripple[2].addroundkey_1_9    333        929         0         929 ZeroWireload (S) 
  ripple[9].addroundkey_1_9    180        538         0         538 ZeroWireload (S) 
  addroundkey_10               128        461         0         461 ZeroWireload (S) 

 (S) = wireload was automatically selected
